<?xml version="1.0" encoding="UTF-8"?>
<testsuite name="it.unisa.casper.analysis.code_smell_detection.promiscuous_package.TextualPromiscuousPackageStrategyTest" tests="8" skipped="0" failures="0" errors="0" timestamp="2022-05-05T17:00:45" hostname="AIR-DI-MARCO.station" time="0.443">
  <properties/>
  <testcase name="isSmellyMinThreshold" classname="it.unisa.casper.analysis.code_smell_detection.promiscuous_package.TextualPromiscuousPackageStrategyTest" time="0.029"/>
  <testcase name="isSmellyFalse" classname="it.unisa.casper.analysis.code_smell_detection.promiscuous_package.TextualPromiscuousPackageStrategyTest" time="0.004"/>
  <testcase name="isSmellyNearThreshold" classname="it.unisa.casper.analysis.code_smell_detection.promiscuous_package.TextualPromiscuousPackageStrategyTest" time="0.053"/>
  <testcase name="isSmellyTrue" classname="it.unisa.casper.analysis.code_smell_detection.promiscuous_package.TextualPromiscuousPackageStrategyTest" time="0.046"/>
  <testcase name="isSmellyMinThreshold" classname="it.unisa.casper.analysis.code_smell_detection.promiscuous_package.TextualPromiscuousPackageStrategyTest" time="0.016"/>
  <testcase name="isSmellyFalse" classname="it.unisa.casper.analysis.code_smell_detection.promiscuous_package.TextualPromiscuousPackageStrategyTest" time="0.003"/>
  <testcase name="isSmellyNearThreshold" classname="it.unisa.casper.analysis.code_smell_detection.promiscuous_package.TextualPromiscuousPackageStrategyTest" time="0.018"/>
  <testcase name="isSmellyTrue" classname="it.unisa.casper.analysis.code_smell_detection.promiscuous_package.TextualPromiscuousPackageStrategyTest" time="0.02"/>
  <system-out><![CDATA[]]></system-out>
  <system-err><![CDATA[mag 05, 2022 7:00:45 PM it.unisa.casper.analysis.code_smell_detection.promiscuous_package.TextualPromiscuousPackageStrategyTest isSmellyMinThreshold
INFORMAZIONI: 
false
mag 05, 2022 7:00:45 PM it.unisa.casper.analysis.code_smell_detection.promiscuous_package.TextualPromiscuousPackageStrategyTest isSmellyFalse
INFORMAZIONI: 
false
mag 05, 2022 7:00:45 PM it.unisa.casper.analysis.code_smell_detection.promiscuous_package.TextualPromiscuousPackageStrategyTest isSmellyNearThreshold
INFORMAZIONI: 
true
mag 05, 2022 7:00:45 PM it.unisa.casper.analysis.code_smell_detection.promiscuous_package.TextualPromiscuousPackageStrategyTest isSmellyTrue
INFORMAZIONI: 
true
mag 05, 2022 7:00:45 PM it.unisa.casper.analysis.code_smell_detection.promiscuous_package.TextualPromiscuousPackageStrategyTest isSmellyMinThreshold
INFORMAZIONI: 
false
mag 05, 2022 7:00:45 PM it.unisa.casper.analysis.code_smell_detection.promiscuous_package.TextualPromiscuousPackageStrategyTest isSmellyFalse
INFORMAZIONI: 
false
mag 05, 2022 7:00:45 PM it.unisa.casper.analysis.code_smell_detection.promiscuous_package.TextualPromiscuousPackageStrategyTest isSmellyNearThreshold
INFORMAZIONI: 
true
mag 05, 2022 7:00:45 PM it.unisa.casper.analysis.code_smell_detection.promiscuous_package.TextualPromiscuousPackageStrategyTest isSmellyTrue
INFORMAZIONI: 
true
]]></system-err>
</testsuite>
